e:\programming\c\vs\数据结构\线性表课本代码复现\线性表课本代码复现\x64\debug\vc141.pdb
e:\programming\c\vs\数据结构\线性表课本代码复现\线性表课本代码复现\x64\debug\vc141.idb
e:\programming\c\vs\数据结构\线性表课本代码复现\线性表课本代码复现\x64\debug\test_sql.obj
e:\programming\c\vs\数据结构\线性表课本代码复现\线性表课本代码复现\x64\debug\algorithm.obj
e:\programming\c\vs\数据结构\线性表课本代码复现\线性表课本代码复现\x64\debug\sqlist2.obj
e:\programming\c\vs\数据结构\线性表课本代码复现\线性表课本代码复现\x64\debug\test.obj
e:\programming\c\vs\数据结构\线性表课本代码复现\线性表课本代码复现\x64\debug\sqlist.obj
e:\programming\c\vs\数据结构\线性表课本代码复现\线性表课本代码复现\x64\debug\lnodetest.obj
e:\programming\c\vs\数据结构\线性表课本代码复现\线性表课本代码复现\x64\debug\lnode.obj
e:\programming\c\vs\数据结构\线性表课本代码复现\线性表课本代码复现\x64\debug\test_sql2.obj
e:\programming\c\vs\数据结构\线性表课本代码复现\线性表课本代码复现\x64\debug\test_ln.obj
e:\programming\c\vs\数据结构\线性表课本代码复现\线性表课本代码复现\x64\debug\test_al.obj
e:\programming\c\vs\数据结构\线性表课本代码复现\x64\debug\2.线性表.exe
e:\programming\c\vs\数据结构\线性表课本代码复现\x64\debug\2.线性表.ilk
e:\programming\c\vs\数据结构\线性表课本代码复现\x64\debug\2.线性表.pdb
e:\programming\c\vs\数据结构\线性表课本代码复现\线性表课本代码复现\x64\debug\2.线性表.tlog\cl.command.1.tlog
e:\programming\c\vs\数据结构\线性表课本代码复现\线性表课本代码复现\x64\debug\2.线性表.tlog\cl.read.1.tlog
e:\programming\c\vs\数据结构\线性表课本代码复现\线性表课本代码复现\x64\debug\2.线性表.tlog\cl.write.1.tlog
e:\programming\c\vs\数据结构\线性表课本代码复现\线性表课本代码复现\x64\debug\2.线性表.tlog\link-cvtres.read.1.tlog
e:\programming\c\vs\数据结构\线性表课本代码复现\线性表课本代码复现\x64\debug\2.线性表.tlog\link-cvtres.write.1.tlog
e:\programming\c\vs\数据结构\线性表课本代码复现\线性表课本代码复现\x64\debug\2.线性表.tlog\link-rc.read.1.tlog
e:\programming\c\vs\数据结构\线性表课本代码复现\线性表课本代码复现\x64\debug\2.线性表.tlog\link-rc.write.1.tlog
e:\programming\c\vs\数据结构\线性表课本代码复现\线性表课本代码复现\x64\debug\2.线性表.tlog\link.3184-cvtres.read.1.tlog
e:\programming\c\vs\数据结构\线性表课本代码复现\线性表课本代码复现\x64\debug\2.线性表.tlog\link.3184-cvtres.write.1.tlog
e:\programming\c\vs\数据结构\线性表课本代码复现\线性表课本代码复现\x64\debug\2.线性表.tlog\link.3184-rc.read.1.tlog
e:\programming\c\vs\数据结构\线性表课本代码复现\线性表课本代码复现\x64\debug\2.线性表.tlog\link.3184-rc.write.1.tlog
e:\programming\c\vs\数据结构\线性表课本代码复现\线性表课本代码复现\x64\debug\2.线性表.tlog\link.3184.read.1.tlog
e:\programming\c\vs\数据结构\线性表课本代码复现\线性表课本代码复现\x64\debug\2.线性表.tlog\link.3184.write.1.tlog
e:\programming\c\vs\数据结构\线性表课本代码复现\线性表课本代码复现\x64\debug\2.线性表.tlog\link.command.1.tlog
e:\programming\c\vs\数据结构\线性表课本代码复现\线性表课本代码复现\x64\debug\2.线性表.tlog\link.read.1.tlog
e:\programming\c\vs\数据结构\线性表课本代码复现\线性表课本代码复现\x64\debug\2.线性表.tlog\link.write.1.tlog
